<?xml version="1.0" encoding="UTF-8"?>
<!-- Generated by org.testng.reporters.JUnitXMLReporter -->
<testsuite ignored="0" hostname="MLLAB01" failures="0" tests="5" name="Surefire test" time="0.032" errors="0" timestamp="2023-11-07T11:10:04 IST">
  <testcase classname="com.lbrce.lab.UserValidationTest" name="testCase1" time="0.01"/>
  <testcase classname="com.lbrce.lab.UserValidationTest" name="testCase2" time="0.0"/>
  <testcase classname="com.lbrce.lab.UserValidationTest" name="testCase3" time="0.0"/>
  <testcase classname="com.lbrce.lab.UserValidationTest" name="testCase4" time="0.001"/>
  <testcase classname="com.lbrce.lab.UserValidationTest" name="testCase5" time="0.0"/>
</testsuite> <!-- Surefire test -->
